<?xml version="1.0" encoding="UTF-8"?>
<testng-results skipped="0" failed="0" ignored="0" total="2" passed="2">
  <reporter-output>
  </reporter-output>
  <suite name="Suite" duration-ms="53172" started-at="2019-02-20T05:23:57Z" finished-at="2019-02-20T05:24:50Z">
    <groups>
    </groups>
    <test name="TestA" duration-ms="17191" started-at="2019-02-20T05:23:57Z" finished-at="2019-02-20T05:24:14Z">
      <class name="monday18Feb.DemoA">
        <test-method status="PASS" signature="testA(java.lang.String, java.lang.String)[pri:0, instance:monday18Feb.DemoA@15530b9]" name="testA" duration-ms="17139" started-at="2019-02-20T05:23:57Z" finished-at="2019-02-20T05:24:14Z">
          <params>
            <param index="0">
              <value>
                <![CDATA[http://192.168.43.144:4444/wd/hub]]>
              </value>
            </param>
            <param index="1">
              <value>
                <![CDATA[chrome]]>
              </value>
            </param>
          </params>
          <reporter-output>
          </reporter-output>
        </test-method> <!-- testA -->
      </class> <!-- monday18Feb.DemoA -->
    </test> <!-- TestA -->
    <test name="Test" duration-ms="53172" started-at="2019-02-20T05:23:57Z" finished-at="2019-02-20T05:24:50Z">
      <class name="monday18Feb.DemoA">
        <test-method status="PASS" signature="testA(java.lang.String, java.lang.String)[pri:0, instance:monday18Feb.DemoA@1efea79]" name="testA" duration-ms="53122" started-at="2019-02-20T05:23:57Z" finished-at="2019-02-20T05:24:50Z">
          <params>
            <param index="0">
              <value>
                <![CDATA[http://192.168.43.144:4444/wd/hub]]>
              </value>
            </param>
            <param index="1">
              <value>
                <![CDATA[firefox]]>
              </value>
            </param>
          </params>
          <reporter-output>
          </reporter-output>
        </test-method> <!-- testA -->
      </class> <!-- monday18Feb.DemoA -->
    </test> <!-- Test -->
  </suite> <!-- Suite -->
</testng-results>
